android-build/build/outputs/logs/manifest-merger-debug-report.txt
-- Merging decision tree log ---
manifest
ADDED from TimerUI\android-build\AndroidManifest.xml:2:1-80:12
	package
		ADDED from TimerUI\android-build\AndroidManifest.xml:2:11-42
	android:versionName
		ADDED from TimerUI\android-build\AndroidManifest.xml:2:102-127
		INJECTED from TimerUI\android-build\AndroidManifest.xml
		INJECTED from TimerUI\android-build\AndroidManifest.xml
	android:versionCode
		ADDED from TimerUI\android-build\AndroidManifest.xml:2:128-151
		INJECTED from TimerUI\android-build\AndroidManifest.xml
		INJECTED from TimerUI\android-build\AndroidManifest.xml
	xmlns:android
		ADDED from TimerUI\android-build\AndroidManifest.xml:2:43-101
	android:installLocation
		ADDED from TimerUI\android-build\AndroidManifest.xml:2:152-182
application
ADDED from TimerUI\android-build\AndroidManifest.xml:3:1-64:19
	android:label
		ADDED from TimerUI\android-build\AndroidManifest.xml:3:113-136
	android:hardwareAccelerated
		ADDED from TimerUI\android-build\AndroidManifest.xml:3:14-48
	android:name
		ADDED from TimerUI\android-build\AndroidManifest.xml:3:49-112
activity#org.qtproject.qt5.android.bindings.QtActivity
ADDED from TimerUI\android-build\AndroidManifest.xml:4:9-60:16
	android:screenOrientation
		ADDED from TimerUI\android-build\AndroidManifest.xml:4:258-297
	android:label
		ADDED from TimerUI\android-build\AndroidManifest.xml:4:234-257
	android:launchMode
		ADDED from TimerUI\android-build\AndroidManifest.xml:4:298-328
	android:configChanges
		ADDED from TimerUI\android-build\AndroidManifest.xml:4:19-172
	android:name
		ADDED from TimerUI\android-build\AndroidManifest.xml:4:173-233
intent-filter#android.intent.action.MAIN+android.intent.category.LAUNCHER
ADDED from TimerUI\android-build\AndroidManifest.xml:5:13-8:29
action#android.intent.action.MAIN
ADDED from TimerUI\android-build\AndroidManifest.xml:6:17-68
	android:name
		ADDED from TimerUI\android-build\AndroidManifest.xml:6:25-66
category#android.intent.category.LAUNCHER
ADDED from TimerUI\android-build\AndroidManifest.xml:7:17-76
	android:name
		ADDED from TimerUI\android-build\AndroidManifest.xml:7:27-74
meta-data#android.app.lib_name
ADDED from TimerUI\android-build\AndroidManifest.xml:14:13-85
	android:value
		ADDED from TimerUI\android-build\AndroidManifest.xml:14:60-83
	android:name
		ADDED from TimerUI\android-build\AndroidManifest.xml:14:24-59
meta-data#android.app.qt_sources_resource_id
ADDED from TimerUI\android-build\AndroidManifest.xml:15:13-112
	android:resource
		ADDED from TimerUI\android-build\AndroidManifest.xml:15:74-110
	android:name
		ADDED from TimerUI\android-build\AndroidManifest.xml:15:24-73
meta-data#android.app.repository
ADDED from TimerUI\android-build\AndroidManifest.xml:16:13-87
	android:value
		ADDED from TimerUI\android-build\AndroidManifest.xml:16:62-85
	android:name
		ADDED from TimerUI\android-build\AndroidManifest.xml:16:24-61
meta-data#android.app.qt_libs_resource_id
ADDED from TimerUI\android-build\AndroidManifest.xml:17:13-106
	android:resource
		ADDED from TimerUI\android-build\AndroidManifest.xml:17:71-104
	android:name
		ADDED from TimerUI\android-build\AndroidManifest.xml:17:24-70
meta-data#android.app.bundled_libs_resource_id
ADDED from TimerUI\android-build\AndroidManifest.xml:18:13-116
	android:resource
		ADDED from TimerUI\android-build\AndroidManifest.xml:18:76-114
	android:name
		ADDED from TimerUI\android-build\AndroidManifest.xml:18:24-75
meta-data#android.app.bundle_local_qt_libs
ADDED from TimerUI\android-build\AndroidManifest.xml:20:13-91
	android:value
		ADDED from TimerUI\android-build\AndroidManifest.xml:20:72-89
	android:name
		ADDED from TimerUI\android-build\AndroidManifest.xml:20:24-71
meta-data#android.app.bundled_in_lib_resource_id
ADDED from TimerUI\android-build\AndroidManifest.xml:21:13-120
	android:resource
		ADDED from TimerUI\android-build\AndroidManifest.xml:21:78-118
	android:name
		ADDED from TimerUI\android-build\AndroidManifest.xml:21:24-77
meta-data#android.app.bundled_in_assets_resource_id
ADDED from TimerUI\android-build\AndroidManifest.xml:22:13-126
	android:resource
		ADDED from TimerUI\android-build\AndroidManifest.xml:22:81-124
	android:name
		ADDED from TimerUI\android-build\AndroidManifest.xml:22:24-80
meta-data#android.app.use_local_qt_libs
ADDED from TimerUI\android-build\AndroidManifest.xml:24:13-88
	android:value
		ADDED from TimerUI\android-build\AndroidManifest.xml:24:69-86
	android:name
		ADDED from TimerUI\android-build\AndroidManifest.xml:24:24-68
meta-data#android.app.libs_prefix
ADDED from TimerUI\android-build\AndroidManifest.xml:25:13-100
	android:value
		ADDED from TimerUI\android-build\AndroidManifest.xml:25:63-98
	android:name
		ADDED from TimerUI\android-build\AndroidManifest.xml:25:24-62
meta-data#android.app.load_local_libs
ADDED from TimerUI\android-build\AndroidManifest.xml:26:13-307
	android:value
		ADDED from TimerUI\android-build\AndroidManifest.xml:26:67-305
	android:name
		ADDED from TimerUI\android-build\AndroidManifest.xml:26:24-66
meta-data#android.app.load_local_jars
ADDED from TimerUI\android-build\AndroidManifest.xml:27:13-278
	android:value
		ADDED from TimerUI\android-build\AndroidManifest.xml:27:67-276
	android:name
		ADDED from TimerUI\android-build\AndroidManifest.xml:27:24-66
meta-data#android.app.static_init_classes
ADDED from TimerUI\android-build\AndroidManifest.xml:28:13-286
	android:value
		ADDED from TimerUI\android-build\AndroidManifest.xml:28:71-284
	android:name
		ADDED from TimerUI\android-build\AndroidManifest.xml:28:24-70
meta-data#android.app.ministro_not_found_msg
ADDED from TimerUI\android-build\AndroidManifest.xml:30:13-122
	android:value
		ADDED from TimerUI\android-build\AndroidManifest.xml:30:24-70
	android:name
		ADDED from TimerUI\android-build\AndroidManifest.xml:30:71-120
meta-data#android.app.ministro_needed_msg
ADDED from TimerUI\android-build\AndroidManifest.xml:31:13-116
	android:value
		ADDED from TimerUI\android-build\AndroidManifest.xml:31:24-67
	android:name
		ADDED from TimerUI\android-build\AndroidManifest.xml:31:68-114
meta-data#android.app.fatal_error_msg
ADDED from TimerUI\android-build\AndroidManifest.xml:32:13-108
	android:value
		ADDED from TimerUI\android-build\AndroidManifest.xml:32:24-63
	android:name
		ADDED from TimerUI\android-build\AndroidManifest.xml:32:64-106
meta-data#android.app.background_running
ADDED from TimerUI\android-build\AndroidManifest.xml:45:13-93
	android:value
		ADDED from TimerUI\android-build\AndroidManifest.xml:45:70-91
	android:name
		ADDED from TimerUI\android-build\AndroidManifest.xml:45:24-69
meta-data#android.app.auto_screen_scale_factor
ADDED from TimerUI\android-build\AndroidManifest.xml:49:13-99
	android:value
		ADDED from TimerUI\android-build\AndroidManifest.xml:49:76-97
	android:name
		ADDED from TimerUI\android-build\AndroidManifest.xml:49:24-75
meta-data#android.app.extract_android_style
ADDED from TimerUI\android-build\AndroidManifest.xml:58:13-98
	android:value
		ADDED from TimerUI\android-build\AndroidManifest.xml:58:73-96
	android:name
		ADDED from TimerUI\android-build\AndroidManifest.xml:58:24-72
uses-sdk
ADDED from TimerUI\android-build\AndroidManifest.xml:66:5-73
	android:targetSdkVersion
		ADDED from TimerUI\android-build\AndroidManifest.xml:66:42-71
	android:minSdkVersion
		ADDED from TimerUI\android-build\AndroidManifest.xml:66:15-41
supports-screens
ADDED from TimerUI\android-build\AndroidManifest.xml:67:5-135
	android:largeScreens
		ADDED from TimerUI\android-build\AndroidManifest.xml:67:23-50
	android:smallScreens
		ADDED from TimerUI\android-build\AndroidManifest.xml:67:106-133
	android:normalScreens
		ADDED from TimerUI\android-build\AndroidManifest.xml:67:51-79
	android:anyDensity
		ADDED from TimerUI\android-build\AndroidManifest.xml:67:80-105
uses-permission#android.permission.WAKE_LOCK
ADDED from TimerUI\android-build\AndroidManifest.xml:79:1-63
	android:name
		ADDED from TimerUI\android-build\AndroidManifest.xml:79:18-61